<?xml version="1.0" encoding="UTF-8"?>
<!-- Generated by org.testng.reporters.JUnitReportReporter -->
<testsuite hostname="BE2CB373" failures="0" tests="2" name="com.EmployeManagementService.testcases.LoginPageTest" time="32.463" errors="0" timestamp="2023-07-03T12:19:46 IST" skipped="0">
  <testcase classname="com.EmployeManagementService.testcases.LoginPageTest" name="verifyLogin" time="16.295"/>
  <system-out/>
  <testcase classname="com.EmployeManagementService.testcases.LoginPageTest" name="validateLogo" time="16.168"/>
  <system-out/>
</testsuite> <!-- com.EmployeManagementService.testcases.LoginPageTest -->
