<?xml version="1.0" encoding="UTF-8"?>
<!-- Generated by org.testng.reporters.JUnitReportReporter -->
<testsuite hostname="BE2CB373" failures="0" tests="2" name="com.EmployeManagementService.testcases.DashboardPageTest" time="47.954" errors="0" timestamp="2023-07-03T12:19:46 IST" skipped="0">
  <testcase classname="com.EmployeManagementService.testcases.DashboardPageTest" name="validateAdminTab" time="23.855"/>
  <system-out/>
  <testcase classname="com.EmployeManagementService.testcases.DashboardPageTest" name="validatePimTab" time="24.099"/>
  <system-out/>
</testsuite> <!-- com.EmployeManagementService.testcases.DashboardPageTest -->
