<?xml version="1.0" encoding="UTF-8"?>
<!-- Generated by org.testng.reporters.JUnitReportReporter -->
<testsuite hostname="BE2CB373" failures="0" tests="1" name="com.EmployeManagementService.testcases.AdminPageTest" time="43.021" errors="0" timestamp="2023-07-03T12:19:46 IST" skipped="0">
  <testcase classname="com.EmployeManagementService.testcases.AdminPageTest" name="emailConfigurationTest" time="43.021"/>
  <system-out/>
</testsuite> <!-- com.EmployeManagementService.testcases.AdminPageTest -->
