<?xml version="1.0" encoding="UTF-8"?>
<!-- Generated by org.testng.reporters.JUnitReportReporter -->
<testsuite hostname="BE2CB373" failures="0" tests="2" name="com.EmployeManagementService.testcases.DashboardPageTest" time="40.051" errors="0" timestamp="2023-06-22T10:37:53 IST" skipped="0">
  <testcase classname="com.EmployeManagementService.testcases.DashboardPageTest" name="validatePimTab" time="17.814"/>
  <system-out/>
  <testcase classname="com.EmployeManagementService.testcases.DashboardPageTest" name="validateAdminTab" time="22.237"/>
  <system-out/>
</testsuite> <!-- com.EmployeManagementService.testcases.DashboardPageTest -->
