<?xml version="1.0" encoding="UTF-8"?>
<!-- Generated by org.testng.reporters.JUnitReportReporter -->
<testsuite hostname="BE2CB373" failures="0" tests="1" name="com.EmployeManagementService.testcases.AdminPageTest" time="41.255" errors="0" timestamp="2023-06-22T10:37:53 IST" skipped="0">
  <testcase classname="com.EmployeManagementService.testcases.AdminPageTest" name="emailConfigurationTest" time="41.255"/>
  <system-out/>
</testsuite> <!-- com.EmployeManagementService.testcases.AdminPageTest -->
