<?xml version="1.0" encoding="UTF-8"?>
<!-- Generated by org.testng.reporters.JUnitReportReporter -->
<testsuite hostname="BE2CB373" failures="0" tests="2" name="com.EmployeManagementService.testcases.LoginPageTest" time="29.048" errors="0" timestamp="2023-06-22T10:37:53 IST" skipped="0">
  <testcase classname="com.EmployeManagementService.testcases.LoginPageTest" name="verifyLogin" time="14.926"/>
  <system-out/>
  <testcase classname="com.EmployeManagementService.testcases.LoginPageTest" name="validateLogo" time="14.122"/>
  <system-out/>
</testsuite> <!-- com.EmployeManagementService.testcases.LoginPageTest -->
